<?xml version="1.0" encoding="UTF-8"?>
<testsuite name="cz.cvut.fit.tjv.sem_work.api.controller.RequestControllerTest" tests="14" skipped="0" failures="0" errors="0" timestamp="2022-01-25T19:01:14" hostname="Inspirion" time="0.046">
  <properties/>
  <testcase name="deleteRequestIsDemandingRichManRelation()" classname="cz.cvut.fit.tjv.sem_work.api.controller.RequestControllerTest" time="0.003"/>
  <testcase name="create()" classname="cz.cvut.fit.tjv.sem_work.api.controller.RequestControllerTest" time="0.003"/>
  <testcase name="updateRequestIsDemandingRichManRelation()" classname="cz.cvut.fit.tjv.sem_work.api.controller.RequestControllerTest" time="0.003"/>
  <testcase name="readStateOfRequest()" classname="cz.cvut.fit.tjv.sem_work.api.controller.RequestControllerTest" time="0.002"/>
  <testcase name="readById()" classname="cz.cvut.fit.tjv.sem_work.api.controller.RequestControllerTest" time="0.002"/>
  <testcase name="readOrganizationWhichCreatedRequest()" classname="cz.cvut.fit.tjv.sem_work.api.controller.RequestControllerTest" time="0.002"/>
  <testcase name="updateById()" classname="cz.cvut.fit.tjv.sem_work.api.controller.RequestControllerTest" time="0.002"/>
  <testcase name="deleteRequestWasCreatedByOrganizationRelation()" classname="cz.cvut.fit.tjv.sem_work.api.controller.RequestControllerTest" time="0.002"/>
  <testcase name="readAll()" classname="cz.cvut.fit.tjv.sem_work.api.controller.RequestControllerTest" time="0.006"/>
  <testcase name="deleteRequestIsInRequestStateRelation()" classname="cz.cvut.fit.tjv.sem_work.api.controller.RequestControllerTest" time="0.002"/>
  <testcase name="readRichManGivenRequest()" classname="cz.cvut.fit.tjv.sem_work.api.controller.RequestControllerTest" time="0.002"/>
  <testcase name="deleteById()" classname="cz.cvut.fit.tjv.sem_work.api.controller.RequestControllerTest" time="0.006"/>
  <testcase name="updateRequestWasCreatedByOrganizationRelation()" classname="cz.cvut.fit.tjv.sem_work.api.controller.RequestControllerTest" time="0.002"/>
  <testcase name="updateRequestIsInRequestStateRelation()" classname="cz.cvut.fit.tjv.sem_work.api.controller.RequestControllerTest" time="0.002"/>
  <system-out><![CDATA[2022-01-25 20:01:14.492  INFO 30154 --- [    Test worker] .b.t.a.w.s.WebMvcTestContextBootstrapper : Neither @ContextConfiguration nor @ContextHierarchy found for test class [cz.cvut.fit.tjv.sem_work.api.controller.RequestControllerTest], using SpringBootContextLoader
2022-01-25 20:01:14.492  INFO 30154 --- [    Test worker] o.s.t.c.support.AbstractContextLoader    : Could not detect default resource locations for test class [cz.cvut.fit.tjv.sem_work.api.controller.RequestControllerTest]: no resource found for suffixes {-context.xml, Context.groovy}.
2022-01-25 20:01:14.492  INFO 30154 --- [    Test worker] t.c.s.AnnotationConfigContextLoaderUtils : Could not detect default configuration classes for test class [cz.cvut.fit.tjv.sem_work.api.controller.RequestControllerTest]: RequestControllerTest does not declare any static, non-private, non-final, nested classes annotated with @Configuration.
2022-01-25 20:01:14.494  INFO 30154 --- [    Test worker] .b.t.c.SpringBootTestContextBootstrapper : Found @SpringBootConfiguration cz.cvut.fit.tjv.sem_work.RestServer for test class cz.cvut.fit.tjv.sem_work.api.controller.RequestControllerTest
2022-01-25 20:01:14.494  INFO 30154 --- [    Test worker] .b.t.a.w.s.WebMvcTestContextBootstrapper : Loaded default TestExecutionListener class names from location [META-INF/spring.factories]: [org.springframework.boot.test.autoconfigure.restdocs.RestDocsTestExecutionListener, org.springframework.boot.test.autoconfigure.web.client.MockRestServiceServerResetTestExecutionListener, org.springframework.boot.test.autoconfigure.web.servlet.MockMvcPrintOnlyOnFailureTestExecutionListener, org.springframework.boot.test.autoconfigure.web.servlet.WebDriverTestExecutionListener, org.springframework.boot.test.autoconfigure.webservices.client.MockWebServiceServerTestExecutionListener, org.springframework.boot.test.mock.mockito.MockitoTestExecutionListener, org.springframework.boot.test.mock.mockito.ResetMocksTestExecutionListener, org.springframework.test.context.web.ServletTestExecutionListener, org.springframework.test.context.support.DirtiesContextBeforeModesTestExecutionListener, org.springframework.test.context.event.ApplicationEventsTestExecutionListener, org.springframework.test.context.support.DependencyInjectionTestExecutionListener, org.springframework.test.context.support.DirtiesContextTestExecutionListener, org.springframework.test.context.transaction.TransactionalTestExecutionListener, org.springframework.test.context.jdbc.SqlScriptsTestExecutionListener, org.springframework.test.context.event.EventPublishingTestExecutionListener]
2022-01-25 20:01:14.495  INFO 30154 --- [    Test worker] .b.t.a.w.s.WebMvcTestContextBootstrapper : Using TestExecutionListeners: [org.springframework.test.context.web.ServletTestExecutionListener@22991e78, org.springframework.test.context.support.DirtiesContextBeforeModesTestExecutionListener@3ae71034, org.springframework.test.context.event.ApplicationEventsTestExecutionListener@5ccb441, org.springframework.boot.test.mock.mockito.MockitoTestExecutionListener@2c9f5b9c, org.springframework.boot.test.autoconfigure.SpringBootDependencyInjectionTestExecutionListener@461feaa9, org.springframework.test.context.support.DirtiesContextTestExecutionListener@44fb24ee, org.springframework.test.context.transaction.TransactionalTestExecutionListener@2475fe8c, org.springframework.test.context.jdbc.SqlScriptsTestExecutionListener@72e01225, org.springframework.test.context.event.EventPublishingTestExecutionListener@4b93f472, org.springframework.boot.test.autoconfigure.restdocs.RestDocsTestExecutionListener@56d275ba, org.springframework.boot.test.autoconfigure.web.client.MockRestServiceServerResetTestExecutionListener@5d587072, org.springframework.boot.test.autoconfigure.web.servlet.MockMvcPrintOnlyOnFailureTestExecutionListener@2f5b20c6, org.springframework.boot.test.autoconfigure.web.servlet.WebDriverTestExecutionListener@7bbf613b, org.springframework.boot.test.autoconfigure.webservices.client.MockWebServiceServerTestExecutionListener@3e85b453, org.springframework.boot.test.mock.mockito.ResetMocksTestExecutionListener@20408811]

  .   ____          _            __ _ _
 /\\ / ___'_ __ _ _(_)_ __  __ _ \ \ \ \
( ( )\___ | '_ | '_| | '_ \/ _` | \ \ \ \
 \\/  ___)| |_)| | | | | || (_| |  ) ) ) )
  '  |____| .__|_| |_|_| |_\__, | / / / /
 =========|_|==============|___/=/_/_/_/
 :: Spring Boot ::                (v2.6.0)

2022-01-25 20:01:14.505  INFO 30154 --- [    Test worker] c.c.f.t.s.a.c.RequestControllerTest      : Starting RequestControllerTest using Java 16.0.2 on Inspirion with PID 30154 (started by cosiska in /home/cosiska/IdeaProjects/server)
2022-01-25 20:01:14.506  INFO 30154 --- [    Test worker] c.c.f.t.s.a.c.RequestControllerTest      : No active profile set, falling back to default profiles: default
2022-01-25 20:01:14.691  INFO 30154 --- [    Test worker] o.s.b.t.m.w.SpringBootMockServletContext : Initializing Spring TestDispatcherServlet ''
2022-01-25 20:01:14.691  INFO 30154 --- [    Test worker] o.s.t.web.servlet.TestDispatcherServlet  : Initializing Servlet ''
2022-01-25 20:01:14.692  INFO 30154 --- [    Test worker] o.s.t.web.servlet.TestDispatcherServlet  : Completed initialization in 0 ms
2022-01-25 20:01:14.698  INFO 30154 --- [    Test worker] c.c.f.t.s.a.c.RequestControllerTest      : Started RequestControllerTest in 0.2 seconds (JVM running for 8.831)
]]></system-out>
  <system-err><![CDATA[]]></system-err>
</testsuite>
