<?xml version="1.0" encoding="UTF-8"?>
<testsuite name="cz.cvut.fit.tjv.sem_work.business.RichManServiceTest" tests="6" skipped="0" failures="0" errors="0" timestamp="2022-01-25T19:01:13" hostname="Inspirion" time="0.031">
  <properties/>
  <testcase name="create()" classname="cz.cvut.fit.tjv.sem_work.business.RichManServiceTest" time="0.008"/>
  <testcase name="exists()" classname="cz.cvut.fit.tjv.sem_work.business.RichManServiceTest" time="0.004"/>
  <testcase name="readById()" classname="cz.cvut.fit.tjv.sem_work.business.RichManServiceTest" time="0.003"/>
  <testcase name="update()" classname="cz.cvut.fit.tjv.sem_work.business.RichManServiceTest" time="0.006"/>
  <testcase name="readAll()" classname="cz.cvut.fit.tjv.sem_work.business.RichManServiceTest" time="0.004"/>
  <testcase name="deleteById()" classname="cz.cvut.fit.tjv.sem_work.business.RichManServiceTest" time="0.003"/>
  <system-out><![CDATA[2022-01-25 20:01:12.750  INFO 30154 --- [    Test worker] .b.t.c.SpringBootTestContextBootstrapper : Neither @ContextConfiguration nor @ContextHierarchy found for test class [cz.cvut.fit.tjv.sem_work.business.RichManServiceTest], using SpringBootContextLoader
2022-01-25 20:01:12.751  INFO 30154 --- [    Test worker] o.s.t.c.support.AbstractContextLoader    : Could not detect default resource locations for test class [cz.cvut.fit.tjv.sem_work.business.RichManServiceTest]: no resource found for suffixes {-context.xml, Context.groovy}.
2022-01-25 20:01:12.751  INFO 30154 --- [    Test worker] t.c.s.AnnotationConfigContextLoaderUtils : Could not detect default configuration classes for test class [cz.cvut.fit.tjv.sem_work.business.RichManServiceTest]: RichManServiceTest does not declare any static, non-private, non-final, nested classes annotated with @Configuration.
2022-01-25 20:01:12.752  INFO 30154 --- [    Test worker] .b.t.c.SpringBootTestContextBootstrapper : Found @SpringBootConfiguration cz.cvut.fit.tjv.sem_work.RestServer for test class cz.cvut.fit.tjv.sem_work.business.RichManServiceTest
2022-01-25 20:01:12.753  INFO 30154 --- [    Test worker] .b.t.c.SpringBootTestContextBootstrapper : Loaded default TestExecutionListener class names from location [META-INF/spring.factories]: [org.springframework.boot.test.autoconfigure.restdocs.RestDocsTestExecutionListener, org.springframework.boot.test.autoconfigure.web.client.MockRestServiceServerResetTestExecutionListener, org.springframework.boot.test.autoconfigure.web.servlet.MockMvcPrintOnlyOnFailureTestExecutionListener, org.springframework.boot.test.autoconfigure.web.servlet.WebDriverTestExecutionListener, org.springframework.boot.test.autoconfigure.webservices.client.MockWebServiceServerTestExecutionListener, org.springframework.boot.test.mock.mockito.MockitoTestExecutionListener, org.springframework.boot.test.mock.mockito.ResetMocksTestExecutionListener, org.springframework.test.context.web.ServletTestExecutionListener, org.springframework.test.context.support.DirtiesContextBeforeModesTestExecutionListener, org.springframework.test.context.event.ApplicationEventsTestExecutionListener, org.springframework.test.context.support.DependencyInjectionTestExecutionListener, org.springframework.test.context.support.DirtiesContextTestExecutionListener, org.springframework.test.context.transaction.TransactionalTestExecutionListener, org.springframework.test.context.jdbc.SqlScriptsTestExecutionListener, org.springframework.test.context.event.EventPublishingTestExecutionListener]
2022-01-25 20:01:12.753  INFO 30154 --- [    Test worker] .b.t.c.SpringBootTestContextBootstrapper : Using TestExecutionListeners: [org.springframework.test.context.web.ServletTestExecutionListener@4799e465, org.springframework.test.context.support.DirtiesContextBeforeModesTestExecutionListener@33e30553, org.springframework.test.context.event.ApplicationEventsTestExecutionListener@3c106172, org.springframework.boot.test.mock.mockito.MockitoTestExecutionListener@3268ed8d, org.springframework.boot.test.autoconfigure.SpringBootDependencyInjectionTestExecutionListener@3ada9d69, org.springframework.test.context.support.DirtiesContextTestExecutionListener@11b8cefc, org.springframework.test.context.transaction.TransactionalTestExecutionListener@2e1c3648, org.springframework.test.context.jdbc.SqlScriptsTestExecutionListener@5b6db283, org.springframework.test.context.event.EventPublishingTestExecutionListener@35b25d52, org.springframework.boot.test.autoconfigure.restdocs.RestDocsTestExecutionListener@622aaa36, org.springframework.boot.test.autoconfigure.web.client.MockRestServiceServerResetTestExecutionListener@2d4b6e4d, org.springframework.boot.test.autoconfigure.web.servlet.MockMvcPrintOnlyOnFailureTestExecutionListener@1b8438cd, org.springframework.boot.test.autoconfigure.web.servlet.WebDriverTestExecutionListener@3cfbae22, org.springframework.boot.test.autoconfigure.webservices.client.MockWebServiceServerTestExecutionListener@b37c891, org.springframework.boot.test.mock.mockito.ResetMocksTestExecutionListener@7d78e6bc]

  .   ____          _            __ _ _
 /\\ / ___'_ __ _ _(_)_ __  __ _ \ \ \ \
( ( )\___ | '_ | '_| | '_ \/ _` | \ \ \ \
 \\/  ___)| |_)| | | | | || (_| |  ) ) ) )
  '  |____| .__|_| |_|_| |_\__, | / / / /
 =========|_|==============|___/=/_/_/_/
 :: Spring Boot ::                (v2.6.0)

2022-01-25 20:01:12.765  INFO 30154 --- [    Test worker] c.c.f.t.s.business.RichManServiceTest    : Starting RichManServiceTest using Java 16.0.2 on Inspirion with PID 30154 (started by cosiska in /home/cosiska/IdeaProjects/server)
2022-01-25 20:01:12.766  INFO 30154 --- [    Test worker] c.c.f.t.s.business.RichManServiceTest    : No active profile set, falling back to default profiles: default
2022-01-25 20:01:12.850  INFO 30154 --- [    Test worker] .s.d.r.c.RepositoryConfigurationDelegate : Bootstrapping Spring Data JPA repositories in DEFAULT mode.
2022-01-25 20:01:12.858  INFO 30154 --- [    Test worker] .s.d.r.c.RepositoryConfigurationDelegate : Finished Spring Data repository scanning in 7 ms. Found 6 JPA repository interfaces.
2022-01-25 20:01:12.943  INFO 30154 --- [    Test worker] o.hibernate.jpa.internal.util.LogHelper  : HHH000204: Processing PersistenceUnitInfo [name: default]
2022-01-25 20:01:12.946  INFO 30154 --- [    Test worker] com.zaxxer.hikari.HikariDataSource       : HikariPool-5 - Starting...
2022-01-25 20:01:12.946  INFO 30154 --- [    Test worker] com.zaxxer.hikari.pool.PoolBase          : HikariPool-5 - Driver does not support get/set network timeout for connections. (feature not supported)
2022-01-25 20:01:12.947  INFO 30154 --- [    Test worker] com.zaxxer.hikari.HikariDataSource       : HikariPool-5 - Start completed.
2022-01-25 20:01:12.948  INFO 30154 --- [    Test worker] org.hibernate.dialect.Dialect            : HHH000400: Using dialect: org.hibernate.dialect.HSQLDialect
2022-01-25 20:01:12.997  INFO 30154 --- [    Test worker] o.h.e.t.j.p.i.JtaPlatformInitiator       : HHH000490: Using JtaPlatform implementation: [org.hibernate.engine.transaction.jta.platform.internal.NoJtaPlatform]
2022-01-25 20:01:12.998  INFO 30154 --- [    Test worker] j.LocalContainerEntityManagerFactoryBean : Initialized JPA EntityManagerFactory for persistence unit 'default'
2022-01-25 20:01:13.127  WARN 30154 --- [    Test worker] JpaBaseConfiguration$JpaWebConfiguration : spring.jpa.open-in-view is enabled by default. Therefore, database queries may be performed during view rendering. Explicitly configure spring.jpa.open-in-view to disable this warning
2022-01-25 20:01:13.273  INFO 30154 --- [    Test worker] c.c.f.t.s.business.RichManServiceTest    : Started RichManServiceTest in 0.518 seconds (JVM running for 7.407)
]]></system-out>
  <system-err><![CDATA[]]></system-err>
</testsuite>
