<?xml version="1.0" encoding="UTF-8"?>
<testsuite name="cz.cvut.fit.tjv.sem_work.api.controller.OrganizationControllerTest" tests="5" skipped="0" failures="0" errors="0" timestamp="2022-01-25T19:01:15" hostname="Inspirion" time="0.02">
  <properties/>
  <testcase name="create()" classname="cz.cvut.fit.tjv.sem_work.api.controller.OrganizationControllerTest" time="0.003"/>
  <testcase name="readById()" classname="cz.cvut.fit.tjv.sem_work.api.controller.OrganizationControllerTest" time="0.002"/>
  <testcase name="updateById()" classname="cz.cvut.fit.tjv.sem_work.api.controller.OrganizationControllerTest" time="0.002"/>
  <testcase name="readAll()" classname="cz.cvut.fit.tjv.sem_work.api.controller.OrganizationControllerTest" time="0.005"/>
  <testcase name="deleteById()" classname="cz.cvut.fit.tjv.sem_work.api.controller.OrganizationControllerTest" time="0.006"/>
  <system-out><![CDATA[2022-01-25 20:01:14.972  INFO 30154 --- [    Test worker] .b.t.a.w.s.WebMvcTestContextBootstrapper : Neither @ContextConfiguration nor @ContextHierarchy found for test class [cz.cvut.fit.tjv.sem_work.api.controller.OrganizationControllerTest], using SpringBootContextLoader
2022-01-25 20:01:14.973  INFO 30154 --- [    Test worker] o.s.t.c.support.AbstractContextLoader    : Could not detect default resource locations for test class [cz.cvut.fit.tjv.sem_work.api.controller.OrganizationControllerTest]: no resource found for suffixes {-context.xml, Context.groovy}.
2022-01-25 20:01:14.973  INFO 30154 --- [    Test worker] t.c.s.AnnotationConfigContextLoaderUtils : Could not detect default configuration classes for test class [cz.cvut.fit.tjv.sem_work.api.controller.OrganizationControllerTest]: OrganizationControllerTest does not declare any static, non-private, non-final, nested classes annotated with @Configuration.
2022-01-25 20:01:14.975  INFO 30154 --- [    Test worker] .b.t.c.SpringBootTestContextBootstrapper : Found @SpringBootConfiguration cz.cvut.fit.tjv.sem_work.RestServer for test class cz.cvut.fit.tjv.sem_work.api.controller.OrganizationControllerTest
2022-01-25 20:01:14.975  INFO 30154 --- [    Test worker] .b.t.a.w.s.WebMvcTestContextBootstrapper : Loaded default TestExecutionListener class names from location [META-INF/spring.factories]: [org.springframework.boot.test.autoconfigure.restdocs.RestDocsTestExecutionListener, org.springframework.boot.test.autoconfigure.web.client.MockRestServiceServerResetTestExecutionListener, org.springframework.boot.test.autoconfigure.web.servlet.MockMvcPrintOnlyOnFailureTestExecutionListener, org.springframework.boot.test.autoconfigure.web.servlet.WebDriverTestExecutionListener, org.springframework.boot.test.autoconfigure.webservices.client.MockWebServiceServerTestExecutionListener, org.springframework.boot.test.mock.mockito.MockitoTestExecutionListener, org.springframework.boot.test.mock.mockito.ResetMocksTestExecutionListener, org.springframework.test.context.web.ServletTestExecutionListener, org.springframework.test.context.support.DirtiesContextBeforeModesTestExecutionListener, org.springframework.test.context.event.ApplicationEventsTestExecutionListener, org.springframework.test.context.support.DependencyInjectionTestExecutionListener, org.springframework.test.context.support.DirtiesContextTestExecutionListener, org.springframework.test.context.transaction.TransactionalTestExecutionListener, org.springframework.test.context.jdbc.SqlScriptsTestExecutionListener, org.springframework.test.context.event.EventPublishingTestExecutionListener]
2022-01-25 20:01:14.975  INFO 30154 --- [    Test worker] .b.t.a.w.s.WebMvcTestContextBootstrapper : Using TestExecutionListeners: [org.springframework.test.context.web.ServletTestExecutionListener@7685697a, org.springframework.test.context.support.DirtiesContextBeforeModesTestExecutionListener@c8504df, org.springframework.test.context.event.ApplicationEventsTestExecutionListener@66983514, org.springframework.boot.test.mock.mockito.MockitoTestExecutionListener@40be2fc5, org.springframework.boot.test.autoconfigure.SpringBootDependencyInjectionTestExecutionListener@1dad5011, org.springframework.test.context.support.DirtiesContextTestExecutionListener@392a1c87, org.springframework.test.context.transaction.TransactionalTestExecutionListener@1ebdae23, org.springframework.test.context.jdbc.SqlScriptsTestExecutionListener@2fcc6a36, org.springframework.test.context.event.EventPublishingTestExecutionListener@58168a06, org.springframework.boot.test.autoconfigure.restdocs.RestDocsTestExecutionListener@31316ba7, org.springframework.boot.test.autoconfigure.web.client.MockRestServiceServerResetTestExecutionListener@420e0714, org.springframework.boot.test.autoconfigure.web.servlet.MockMvcPrintOnlyOnFailureTestExecutionListener@e5f48b9, org.springframework.boot.test.autoconfigure.web.servlet.WebDriverTestExecutionListener@62f5a5ce, org.springframework.boot.test.autoconfigure.webservices.client.MockWebServiceServerTestExecutionListener@58a39664, org.springframework.boot.test.mock.mockito.ResetMocksTestExecutionListener@6aa70cc3]

  .   ____          _            __ _ _
 /\\ / ___'_ __ _ _(_)_ __  __ _ \ \ \ \
( ( )\___ | '_ | '_| | '_ \/ _` | \ \ \ \
 \\/  ___)| |_)| | | | | || (_| |  ) ) ) )
  '  |____| .__|_| |_|_| |_\__, | / / / /
 =========|_|==============|___/=/_/_/_/
 :: Spring Boot ::                (v2.6.0)

2022-01-25 20:01:14.986  INFO 30154 --- [    Test worker] c.c.f.t.s.a.c.OrganizationControllerTest : Starting OrganizationControllerTest using Java 16.0.2 on Inspirion with PID 30154 (started by cosiska in /home/cosiska/IdeaProjects/server)
2022-01-25 20:01:14.986  INFO 30154 --- [    Test worker] c.c.f.t.s.a.c.OrganizationControllerTest : No active profile set, falling back to default profiles: default
2022-01-25 20:01:15.166  INFO 30154 --- [    Test worker] o.s.b.t.m.w.SpringBootMockServletContext : Initializing Spring TestDispatcherServlet ''
2022-01-25 20:01:15.166  INFO 30154 --- [    Test worker] o.s.t.web.servlet.TestDispatcherServlet  : Initializing Servlet ''
2022-01-25 20:01:15.167  INFO 30154 --- [    Test worker] o.s.t.web.servlet.TestDispatcherServlet  : Completed initialization in 1 ms
2022-01-25 20:01:15.173  INFO 30154 --- [    Test worker] c.c.f.t.s.a.c.OrganizationControllerTest : Started OrganizationControllerTest in 0.195 seconds (JVM running for 9.306)
]]></system-out>
  <system-err><![CDATA[]]></system-err>
</testsuite>
