<?xml version="1.0" encoding="UTF-8"?>
<testsuite name="cz.cvut.fit.tjv.sem_work.api.controller.RequestStateControllerTest" tests="5" skipped="0" failures="0" errors="0" timestamp="2022-01-25T19:01:14" hostname="Inspirion" time="0.102">
  <properties/>
  <testcase name="create()" classname="cz.cvut.fit.tjv.sem_work.api.controller.RequestStateControllerTest" time="0.004"/>
  <testcase name="readById()" classname="cz.cvut.fit.tjv.sem_work.api.controller.RequestStateControllerTest" time="0.003"/>
  <testcase name="updateById()" classname="cz.cvut.fit.tjv.sem_work.api.controller.RequestStateControllerTest" time="0.002"/>
  <testcase name="readAll()" classname="cz.cvut.fit.tjv.sem_work.api.controller.RequestStateControllerTest" time="0.08"/>
  <testcase name="deleteById()" classname="cz.cvut.fit.tjv.sem_work.api.controller.RequestStateControllerTest" time="0.01"/>
  <system-out><![CDATA[2022-01-25 20:01:13.904  INFO 30154 --- [    Test worker] .b.t.a.w.s.WebMvcTestContextBootstrapper : Neither @ContextConfiguration nor @ContextHierarchy found for test class [cz.cvut.fit.tjv.sem_work.api.controller.RequestStateControllerTest], using SpringBootContextLoader
2022-01-25 20:01:13.904  INFO 30154 --- [    Test worker] o.s.t.c.support.AbstractContextLoader    : Could not detect default resource locations for test class [cz.cvut.fit.tjv.sem_work.api.controller.RequestStateControllerTest]: no resource found for suffixes {-context.xml, Context.groovy}.
2022-01-25 20:01:13.905  INFO 30154 --- [    Test worker] t.c.s.AnnotationConfigContextLoaderUtils : Could not detect default configuration classes for test class [cz.cvut.fit.tjv.sem_work.api.controller.RequestStateControllerTest]: RequestStateControllerTest does not declare any static, non-private, non-final, nested classes annotated with @Configuration.
2022-01-25 20:01:13.910  INFO 30154 --- [    Test worker] .b.t.c.SpringBootTestContextBootstrapper : Found @SpringBootConfiguration cz.cvut.fit.tjv.sem_work.RestServer for test class cz.cvut.fit.tjv.sem_work.api.controller.RequestStateControllerTest
2022-01-25 20:01:13.911  INFO 30154 --- [    Test worker] .b.t.a.w.s.WebMvcTestContextBootstrapper : Loaded default TestExecutionListener class names from location [META-INF/spring.factories]: [org.springframework.boot.test.autoconfigure.restdocs.RestDocsTestExecutionListener, org.springframework.boot.test.autoconfigure.web.client.MockRestServiceServerResetTestExecutionListener, org.springframework.boot.test.autoconfigure.web.servlet.MockMvcPrintOnlyOnFailureTestExecutionListener, org.springframework.boot.test.autoconfigure.web.servlet.WebDriverTestExecutionListener, org.springframework.boot.test.autoconfigure.webservices.client.MockWebServiceServerTestExecutionListener, org.springframework.boot.test.mock.mockito.MockitoTestExecutionListener, org.springframework.boot.test.mock.mockito.ResetMocksTestExecutionListener, org.springframework.test.context.web.ServletTestExecutionListener, org.springframework.test.context.support.DirtiesContextBeforeModesTestExecutionListener, org.springframework.test.context.event.ApplicationEventsTestExecutionListener, org.springframework.test.context.support.DependencyInjectionTestExecutionListener, org.springframework.test.context.support.DirtiesContextTestExecutionListener, org.springframework.test.context.transaction.TransactionalTestExecutionListener, org.springframework.test.context.jdbc.SqlScriptsTestExecutionListener, org.springframework.test.context.event.EventPublishingTestExecutionListener]
2022-01-25 20:01:13.911  INFO 30154 --- [    Test worker] .b.t.a.w.s.WebMvcTestContextBootstrapper : Using TestExecutionListeners: [org.springframework.test.context.web.ServletTestExecutionListener@3727c8d1, org.springframework.test.context.support.DirtiesContextBeforeModesTestExecutionListener@4b00fae8, org.springframework.test.context.event.ApplicationEventsTestExecutionListener@2efeb7a5, org.springframework.boot.test.mock.mockito.MockitoTestExecutionListener@67dad5ae, org.springframework.boot.test.autoconfigure.SpringBootDependencyInjectionTestExecutionListener@6e32e8c4, org.springframework.test.context.support.DirtiesContextTestExecutionListener@22298850, org.springframework.test.context.transaction.TransactionalTestExecutionListener@79b1402f, org.springframework.test.context.jdbc.SqlScriptsTestExecutionListener@48f79d12, org.springframework.test.context.event.EventPublishingTestExecutionListener@317a2800, org.springframework.boot.test.autoconfigure.restdocs.RestDocsTestExecutionListener@5fff5d77, org.springframework.boot.test.autoconfigure.web.client.MockRestServiceServerResetTestExecutionListener@2cbcde9f, org.springframework.boot.test.autoconfigure.web.servlet.MockMvcPrintOnlyOnFailureTestExecutionListener@5857d917, org.springframework.boot.test.autoconfigure.web.servlet.WebDriverTestExecutionListener@380dc035, org.springframework.boot.test.autoconfigure.webservices.client.MockWebServiceServerTestExecutionListener@1dbc36a6, org.springframework.boot.test.mock.mockito.ResetMocksTestExecutionListener@57be4ba8]

  .   ____          _            __ _ _
 /\\ / ___'_ __ _ _(_)_ __  __ _ \ \ \ \
( ( )\___ | '_ | '_| | '_ \/ _` | \ \ \ \
 \\/  ___)| |_)| | | | | || (_| |  ) ) ) )
  '  |____| .__|_| |_|_| |_\__, | / / / /
 =========|_|==============|___/=/_/_/_/
 :: Spring Boot ::                (v2.6.0)

2022-01-25 20:01:13.922  INFO 30154 --- [    Test worker] c.c.f.t.s.a.c.RequestStateControllerTest : Starting RequestStateControllerTest using Java 16.0.2 on Inspirion with PID 30154 (started by cosiska in /home/cosiska/IdeaProjects/server)
2022-01-25 20:01:13.923  INFO 30154 --- [    Test worker] c.c.f.t.s.a.c.RequestStateControllerTest : No active profile set, falling back to default profiles: default
2022-01-25 20:01:14.118  INFO 30154 --- [    Test worker] o.s.b.t.m.w.SpringBootMockServletContext : Initializing Spring TestDispatcherServlet ''
2022-01-25 20:01:14.118  INFO 30154 --- [    Test worker] o.s.t.web.servlet.TestDispatcherServlet  : Initializing Servlet ''
2022-01-25 20:01:14.119  INFO 30154 --- [    Test worker] o.s.t.web.servlet.TestDispatcherServlet  : Completed initialization in 1 ms
2022-01-25 20:01:14.127  INFO 30154 --- [    Test worker] c.c.f.t.s.a.c.RequestStateControllerTest : Started RequestStateControllerTest in 0.213 seconds (JVM running for 8.26)
]]></system-out>
  <system-err><![CDATA[]]></system-err>
</testsuite>
