<?xml version="1.0" encoding="UTF-8"?>
<testsuite name="cz.cvut.fit.tjv.sem_work.business.ClerkTimeSlotServiceTest" tests="12" skipped="0" failures="0" errors="0" timestamp="2022-01-25T19:01:13" hostname="Inspirion" time="0.07">
  <properties/>
  <testcase name="create()" classname="cz.cvut.fit.tjv.sem_work.business.ClerkTimeSlotServiceTest" time="0.008"/>
  <testcase name="exists()" classname="cz.cvut.fit.tjv.sem_work.business.ClerkTimeSlotServiceTest" time="0.005"/>
  <testcase name="readById()" classname="cz.cvut.fit.tjv.sem_work.business.ClerkTimeSlotServiceTest" time="0.004"/>
  <testcase name="update()" classname="cz.cvut.fit.tjv.sem_work.business.ClerkTimeSlotServiceTest" time="0.005"/>
  <testcase name="deleteClerkTimeSlotBelongsToClerkRelation()" classname="cz.cvut.fit.tjv.sem_work.business.ClerkTimeSlotServiceTest" time="0.007"/>
  <testcase name="deleteClerkTimeSlotIsAssignedToRequestRelation()" classname="cz.cvut.fit.tjv.sem_work.business.ClerkTimeSlotServiceTest" time="0.005"/>
  <testcase name="readRequestThatHasClerkTimeSlotAssigned()" classname="cz.cvut.fit.tjv.sem_work.business.ClerkTimeSlotServiceTest" time="0.004"/>
  <testcase name="updateClerkTimeSlotBelongsToClerkRelation()" classname="cz.cvut.fit.tjv.sem_work.business.ClerkTimeSlotServiceTest" time="0.005"/>
  <testcase name="readAll()" classname="cz.cvut.fit.tjv.sem_work.business.ClerkTimeSlotServiceTest" time="0.004"/>
  <testcase name="updateClerkTimeSlotIsAssignedToRequestRelation()" classname="cz.cvut.fit.tjv.sem_work.business.ClerkTimeSlotServiceTest" time="0.005"/>
  <testcase name="readClerkWhichHasClerkTimeSlot()" classname="cz.cvut.fit.tjv.sem_work.business.ClerkTimeSlotServiceTest" time="0.004"/>
  <testcase name="deleteById()" classname="cz.cvut.fit.tjv.sem_work.business.ClerkTimeSlotServiceTest" time="0.004"/>
  <system-out><![CDATA[2022-01-25 20:01:13.308  INFO 30154 --- [    Test worker] .b.t.c.SpringBootTestContextBootstrapper : Neither @ContextConfiguration nor @ContextHierarchy found for test class [cz.cvut.fit.tjv.sem_work.business.ClerkTimeSlotServiceTest], using SpringBootContextLoader
2022-01-25 20:01:13.309  INFO 30154 --- [    Test worker] o.s.t.c.support.AbstractContextLoader    : Could not detect default resource locations for test class [cz.cvut.fit.tjv.sem_work.business.ClerkTimeSlotServiceTest]: no resource found for suffixes {-context.xml, Context.groovy}.
2022-01-25 20:01:13.309  INFO 30154 --- [    Test worker] t.c.s.AnnotationConfigContextLoaderUtils : Could not detect default configuration classes for test class [cz.cvut.fit.tjv.sem_work.business.ClerkTimeSlotServiceTest]: ClerkTimeSlotServiceTest does not declare any static, non-private, non-final, nested classes annotated with @Configuration.
2022-01-25 20:01:13.310  INFO 30154 --- [    Test worker] .b.t.c.SpringBootTestContextBootstrapper : Found @SpringBootConfiguration cz.cvut.fit.tjv.sem_work.RestServer for test class cz.cvut.fit.tjv.sem_work.business.ClerkTimeSlotServiceTest
2022-01-25 20:01:13.311  INFO 30154 --- [    Test worker] .b.t.c.SpringBootTestContextBootstrapper : Loaded default TestExecutionListener class names from location [META-INF/spring.factories]: [org.springframework.boot.test.autoconfigure.restdocs.RestDocsTestExecutionListener, org.springframework.boot.test.autoconfigure.web.client.MockRestServiceServerResetTestExecutionListener, org.springframework.boot.test.autoconfigure.web.servlet.MockMvcPrintOnlyOnFailureTestExecutionListener, org.springframework.boot.test.autoconfigure.web.servlet.WebDriverTestExecutionListener, org.springframework.boot.test.autoconfigure.webservices.client.MockWebServiceServerTestExecutionListener, org.springframework.boot.test.mock.mockito.MockitoTestExecutionListener, org.springframework.boot.test.mock.mockito.ResetMocksTestExecutionListener, org.springframework.test.context.web.ServletTestExecutionListener, org.springframework.test.context.support.DirtiesContextBeforeModesTestExecutionListener, org.springframework.test.context.event.ApplicationEventsTestExecutionListener, org.springframework.test.context.support.DependencyInjectionTestExecutionListener, org.springframework.test.context.support.DirtiesContextTestExecutionListener, org.springframework.test.context.transaction.TransactionalTestExecutionListener, org.springframework.test.context.jdbc.SqlScriptsTestExecutionListener, org.springframework.test.context.event.EventPublishingTestExecutionListener]
2022-01-25 20:01:13.311  INFO 30154 --- [    Test worker] .b.t.c.SpringBootTestContextBootstrapper : Using TestExecutionListeners: [org.springframework.test.context.web.ServletTestExecutionListener@7b19cf2b, org.springframework.test.context.support.DirtiesContextBeforeModesTestExecutionListener@3c5b7f97, org.springframework.test.context.event.ApplicationEventsTestExecutionListener@3381d03d, org.springframework.boot.test.mock.mockito.MockitoTestExecutionListener@3c2fbaec, org.springframework.boot.test.autoconfigure.SpringBootDependencyInjectionTestExecutionListener@97a5ad5, org.springframework.test.context.support.DirtiesContextTestExecutionListener@6e3a2baa, org.springframework.test.context.transaction.TransactionalTestExecutionListener@53071e68, org.springframework.test.context.jdbc.SqlScriptsTestExecutionListener@123e363e, org.springframework.test.context.event.EventPublishingTestExecutionListener@49c97a5e, org.springframework.boot.test.autoconfigure.restdocs.RestDocsTestExecutionListener@76117fb6, org.springframework.boot.test.autoconfigure.web.client.MockRestServiceServerResetTestExecutionListener@1d8edb42, org.springframework.boot.test.autoconfigure.web.servlet.MockMvcPrintOnlyOnFailureTestExecutionListener@7e62910b, org.springframework.boot.test.autoconfigure.web.servlet.WebDriverTestExecutionListener@7cfb0f13, org.springframework.boot.test.autoconfigure.webservices.client.MockWebServiceServerTestExecutionListener@1ea33f5, org.springframework.boot.test.mock.mockito.ResetMocksTestExecutionListener@6ad5ac41]

  .   ____          _            __ _ _
 /\\ / ___'_ __ _ _(_)_ __  __ _ \ \ \ \
( ( )\___ | '_ | '_| | '_ \/ _` | \ \ \ \
 \\/  ___)| |_)| | | | | || (_| |  ) ) ) )
  '  |____| .__|_| |_|_| |_\__, | / / / /
 =========|_|==============|___/=/_/_/_/
 :: Spring Boot ::                (v2.6.0)

2022-01-25 20:01:13.323  INFO 30154 --- [    Test worker] c.c.f.t.s.b.ClerkTimeSlotServiceTest     : Starting ClerkTimeSlotServiceTest using Java 16.0.2 on Inspirion with PID 30154 (started by cosiska in /home/cosiska/IdeaProjects/server)
2022-01-25 20:01:13.323  INFO 30154 --- [    Test worker] c.c.f.t.s.b.ClerkTimeSlotServiceTest     : No active profile set, falling back to default profiles: default
2022-01-25 20:01:13.391  INFO 30154 --- [    Test worker] .s.d.r.c.RepositoryConfigurationDelegate : Bootstrapping Spring Data JPA repositories in DEFAULT mode.
2022-01-25 20:01:13.399  INFO 30154 --- [    Test worker] .s.d.r.c.RepositoryConfigurationDelegate : Finished Spring Data repository scanning in 8 ms. Found 6 JPA repository interfaces.
2022-01-25 20:01:13.507  INFO 30154 --- [    Test worker] o.hibernate.jpa.internal.util.LogHelper  : HHH000204: Processing PersistenceUnitInfo [name: default]
2022-01-25 20:01:13.510  INFO 30154 --- [    Test worker] com.zaxxer.hikari.HikariDataSource       : HikariPool-6 - Starting...
2022-01-25 20:01:13.511  INFO 30154 --- [    Test worker] com.zaxxer.hikari.pool.PoolBase          : HikariPool-6 - Driver does not support get/set network timeout for connections. (feature not supported)
2022-01-25 20:01:13.511  INFO 30154 --- [    Test worker] com.zaxxer.hikari.HikariDataSource       : HikariPool-6 - Start completed.
2022-01-25 20:01:13.512  INFO 30154 --- [    Test worker] org.hibernate.dialect.Dialect            : HHH000400: Using dialect: org.hibernate.dialect.HSQLDialect
2022-01-25 20:01:13.558  INFO 30154 --- [    Test worker] o.h.e.t.j.p.i.JtaPlatformInitiator       : HHH000490: Using JtaPlatform implementation: [org.hibernate.engine.transaction.jta.platform.internal.NoJtaPlatform]
2022-01-25 20:01:13.559  INFO 30154 --- [    Test worker] j.LocalContainerEntityManagerFactoryBean : Initialized JPA EntityManagerFactory for persistence unit 'default'
2022-01-25 20:01:13.669  WARN 30154 --- [    Test worker] JpaBaseConfiguration$JpaWebConfiguration : spring.jpa.open-in-view is enabled by default. Therefore, database queries may be performed during view rendering. Explicitly configure spring.jpa.open-in-view to disable this warning
2022-01-25 20:01:13.829  INFO 30154 --- [    Test worker] c.c.f.t.s.b.ClerkTimeSlotServiceTest     : Started ClerkTimeSlotServiceTest in 0.515 seconds (JVM running for 7.963)
]]></system-out>
  <system-err><![CDATA[]]></system-err>
</testsuite>
