<?xml version="1.0" encoding="UTF-8"?>
<testsuite name="cz.cvut.fit.tjv.sem_work.api.controller.RichManControllerTest" tests="5" skipped="0" failures="0" errors="0" timestamp="2022-01-25T19:01:15" hostname="Inspirion" time="0.02">
  <properties/>
  <testcase name="create()" classname="cz.cvut.fit.tjv.sem_work.api.controller.RichManControllerTest" time="0.003"/>
  <testcase name="readById()" classname="cz.cvut.fit.tjv.sem_work.api.controller.RichManControllerTest" time="0.002"/>
  <testcase name="updateById()" classname="cz.cvut.fit.tjv.sem_work.api.controller.RichManControllerTest" time="0.001"/>
  <testcase name="readAll()" classname="cz.cvut.fit.tjv.sem_work.api.controller.RichManControllerTest" time="0.005"/>
  <testcase name="deleteById()" classname="cz.cvut.fit.tjv.sem_work.api.controller.RichManControllerTest" time="0.005"/>
  <system-out><![CDATA[2022-01-25 20:01:15.196  INFO 30154 --- [    Test worker] .b.t.a.w.s.WebMvcTestContextBootstrapper : Neither @ContextConfiguration nor @ContextHierarchy found for test class [cz.cvut.fit.tjv.sem_work.api.controller.RichManControllerTest], using SpringBootContextLoader
2022-01-25 20:01:15.196  INFO 30154 --- [    Test worker] o.s.t.c.support.AbstractContextLoader    : Could not detect default resource locations for test class [cz.cvut.fit.tjv.sem_work.api.controller.RichManControllerTest]: no resource found for suffixes {-context.xml, Context.groovy}.
2022-01-25 20:01:15.196  INFO 30154 --- [    Test worker] t.c.s.AnnotationConfigContextLoaderUtils : Could not detect default configuration classes for test class [cz.cvut.fit.tjv.sem_work.api.controller.RichManControllerTest]: RichManControllerTest does not declare any static, non-private, non-final, nested classes annotated with @Configuration.
2022-01-25 20:01:15.198  INFO 30154 --- [    Test worker] .b.t.c.SpringBootTestContextBootstrapper : Found @SpringBootConfiguration cz.cvut.fit.tjv.sem_work.RestServer for test class cz.cvut.fit.tjv.sem_work.api.controller.RichManControllerTest
2022-01-25 20:01:15.199  INFO 30154 --- [    Test worker] .b.t.a.w.s.WebMvcTestContextBootstrapper : Loaded default TestExecutionListener class names from location [META-INF/spring.factories]: [org.springframework.boot.test.autoconfigure.restdocs.RestDocsTestExecutionListener, org.springframework.boot.test.autoconfigure.web.client.MockRestServiceServerResetTestExecutionListener, org.springframework.boot.test.autoconfigure.web.servlet.MockMvcPrintOnlyOnFailureTestExecutionListener, org.springframework.boot.test.autoconfigure.web.servlet.WebDriverTestExecutionListener, org.springframework.boot.test.autoconfigure.webservices.client.MockWebServiceServerTestExecutionListener, org.springframework.boot.test.mock.mockito.MockitoTestExecutionListener, org.springframework.boot.test.mock.mockito.ResetMocksTestExecutionListener, org.springframework.test.context.web.ServletTestExecutionListener, org.springframework.test.context.support.DirtiesContextBeforeModesTestExecutionListener, org.springframework.test.context.event.ApplicationEventsTestExecutionListener, org.springframework.test.context.support.DependencyInjectionTestExecutionListener, org.springframework.test.context.support.DirtiesContextTestExecutionListener, org.springframework.test.context.transaction.TransactionalTestExecutionListener, org.springframework.test.context.jdbc.SqlScriptsTestExecutionListener, org.springframework.test.context.event.EventPublishingTestExecutionListener]
2022-01-25 20:01:15.199  INFO 30154 --- [    Test worker] .b.t.a.w.s.WebMvcTestContextBootstrapper : Using TestExecutionListeners: [org.springframework.test.context.web.ServletTestExecutionListener@a6eb792, org.springframework.test.context.support.DirtiesContextBeforeModesTestExecutionListener@e987a1d, org.springframework.test.context.event.ApplicationEventsTestExecutionListener@220adb9c, org.springframework.boot.test.mock.mockito.MockitoTestExecutionListener@5a62bcec, org.springframework.boot.test.autoconfigure.SpringBootDependencyInjectionTestExecutionListener@25cf4215, org.springframework.test.context.support.DirtiesContextTestExecutionListener@68ca9c23, org.springframework.test.context.transaction.TransactionalTestExecutionListener@1c687c9d, org.springframework.test.context.jdbc.SqlScriptsTestExecutionListener@53a22620, org.springframework.test.context.event.EventPublishingTestExecutionListener@c2219ab, org.springframework.boot.test.autoconfigure.restdocs.RestDocsTestExecutionListener@3035b788, org.springframework.boot.test.autoconfigure.web.client.MockRestServiceServerResetTestExecutionListener@6fe6a987, org.springframework.boot.test.autoconfigure.web.servlet.MockMvcPrintOnlyOnFailureTestExecutionListener@2d37117d, org.springframework.boot.test.autoconfigure.web.servlet.WebDriverTestExecutionListener@31c4ba31, org.springframework.boot.test.autoconfigure.webservices.client.MockWebServiceServerTestExecutionListener@2cd0c276, org.springframework.boot.test.mock.mockito.ResetMocksTestExecutionListener@7620ecfa]

  .   ____          _            __ _ _
 /\\ / ___'_ __ _ _(_)_ __  __ _ \ \ \ \
( ( )\___ | '_ | '_| | '_ \/ _` | \ \ \ \
 \\/  ___)| |_)| | | | | || (_| |  ) ) ) )
  '  |____| .__|_| |_|_| |_\__, | / / / /
 =========|_|==============|___/=/_/_/_/
 :: Spring Boot ::                (v2.6.0)

2022-01-25 20:01:15.208  INFO 30154 --- [    Test worker] c.c.f.t.s.a.c.RichManControllerTest      : Starting RichManControllerTest using Java 16.0.2 on Inspirion with PID 30154 (started by cosiska in /home/cosiska/IdeaProjects/server)
2022-01-25 20:01:15.208  INFO 30154 --- [    Test worker] c.c.f.t.s.a.c.RichManControllerTest      : No active profile set, falling back to default profiles: default
2022-01-25 20:01:15.364  INFO 30154 --- [    Test worker] o.s.b.t.m.w.SpringBootMockServletContext : Initializing Spring TestDispatcherServlet ''
2022-01-25 20:01:15.364  INFO 30154 --- [    Test worker] o.s.t.web.servlet.TestDispatcherServlet  : Initializing Servlet ''
2022-01-25 20:01:15.365  INFO 30154 --- [    Test worker] o.s.t.web.servlet.TestDispatcherServlet  : Completed initialization in 0 ms
2022-01-25 20:01:15.371  INFO 30154 --- [    Test worker] c.c.f.t.s.a.c.RichManControllerTest      : Started RichManControllerTest in 0.17 seconds (JVM running for 9.504)
]]></system-out>
  <system-err><![CDATA[]]></system-err>
</testsuite>
