<?xml version="1.0" encoding="UTF-8"?>
<testsuite name="cz.cvut.fit.tjv.sem_work.business.RequestServiceTest" tests="15" skipped="0" failures="0" errors="0" timestamp="2022-01-25T19:01:12" hostname="Inspirion" time="0.113">
  <properties/>
  <testcase name="deleteRequestIsDemandingRichManRelation()" classname="cz.cvut.fit.tjv.sem_work.business.RequestServiceTest" time="0.013"/>
  <testcase name="create()" classname="cz.cvut.fit.tjv.sem_work.business.RequestServiceTest" time="0.007"/>
  <testcase name="exists()" classname="cz.cvut.fit.tjv.sem_work.business.RequestServiceTest" time="0.004"/>
  <testcase name="updateRequestIsDemandingRichManRelation()" classname="cz.cvut.fit.tjv.sem_work.business.RequestServiceTest" time="0.007"/>
  <testcase name="readStateOfRequest()" classname="cz.cvut.fit.tjv.sem_work.business.RequestServiceTest" time="0.006"/>
  <testcase name="readById()" classname="cz.cvut.fit.tjv.sem_work.business.RequestServiceTest" time="0.004"/>
  <testcase name="update()" classname="cz.cvut.fit.tjv.sem_work.business.RequestServiceTest" time="0.006"/>
  <testcase name="readOrganizationWhichCreatedRequest()" classname="cz.cvut.fit.tjv.sem_work.business.RequestServiceTest" time="0.005"/>
  <testcase name="deleteRequestWasCreatedByOrganizationRelation()" classname="cz.cvut.fit.tjv.sem_work.business.RequestServiceTest" time="0.008"/>
  <testcase name="readAll()" classname="cz.cvut.fit.tjv.sem_work.business.RequestServiceTest" time="0.007"/>
  <testcase name="deleteRequestIsInRequestStateRelation()" classname="cz.cvut.fit.tjv.sem_work.business.RequestServiceTest" time="0.007"/>
  <testcase name="readRichManGivenRequest()" classname="cz.cvut.fit.tjv.sem_work.business.RequestServiceTest" time="0.005"/>
  <testcase name="deleteById()" classname="cz.cvut.fit.tjv.sem_work.business.RequestServiceTest" time="0.006"/>
  <testcase name="updateRequestWasCreatedByOrganizationRelation()" classname="cz.cvut.fit.tjv.sem_work.business.RequestServiceTest" time="0.007"/>
  <testcase name="updateRequestIsInRequestStateRelation()" classname="cz.cvut.fit.tjv.sem_work.business.RequestServiceTest" time="0.008"/>
  <system-out><![CDATA[2022-01-25 20:01:12.059  INFO 30154 --- [    Test worker] .b.t.c.SpringBootTestContextBootstrapper : Neither @ContextConfiguration nor @ContextHierarchy found for test class [cz.cvut.fit.tjv.sem_work.business.RequestServiceTest], using SpringBootContextLoader
2022-01-25 20:01:12.060  INFO 30154 --- [    Test worker] o.s.t.c.support.AbstractContextLoader    : Could not detect default resource locations for test class [cz.cvut.fit.tjv.sem_work.business.RequestServiceTest]: no resource found for suffixes {-context.xml, Context.groovy}.
2022-01-25 20:01:12.060  INFO 30154 --- [    Test worker] t.c.s.AnnotationConfigContextLoaderUtils : Could not detect default configuration classes for test class [cz.cvut.fit.tjv.sem_work.business.RequestServiceTest]: RequestServiceTest does not declare any static, non-private, non-final, nested classes annotated with @Configuration.
2022-01-25 20:01:12.061  INFO 30154 --- [    Test worker] .b.t.c.SpringBootTestContextBootstrapper : Found @SpringBootConfiguration cz.cvut.fit.tjv.sem_work.RestServer for test class cz.cvut.fit.tjv.sem_work.business.RequestServiceTest
2022-01-25 20:01:12.062  INFO 30154 --- [    Test worker] .b.t.c.SpringBootTestContextBootstrapper : Loaded default TestExecutionListener class names from location [META-INF/spring.factories]: [org.springframework.boot.test.autoconfigure.restdocs.RestDocsTestExecutionListener, org.springframework.boot.test.autoconfigure.web.client.MockRestServiceServerResetTestExecutionListener, org.springframework.boot.test.autoconfigure.web.servlet.MockMvcPrintOnlyOnFailureTestExecutionListener, org.springframework.boot.test.autoconfigure.web.servlet.WebDriverTestExecutionListener, org.springframework.boot.test.autoconfigure.webservices.client.MockWebServiceServerTestExecutionListener, org.springframework.boot.test.mock.mockito.MockitoTestExecutionListener, org.springframework.boot.test.mock.mockito.ResetMocksTestExecutionListener, org.springframework.test.context.web.ServletTestExecutionListener, org.springframework.test.context.support.DirtiesContextBeforeModesTestExecutionListener, org.springframework.test.context.event.ApplicationEventsTestExecutionListener, org.springframework.test.context.support.DependencyInjectionTestExecutionListener, org.springframework.test.context.support.DirtiesContextTestExecutionListener, org.springframework.test.context.transaction.TransactionalTestExecutionListener, org.springframework.test.context.jdbc.SqlScriptsTestExecutionListener, org.springframework.test.context.event.EventPublishingTestExecutionListener]
2022-01-25 20:01:12.062  INFO 30154 --- [    Test worker] .b.t.c.SpringBootTestContextBootstrapper : Using TestExecutionListeners: [org.springframework.test.context.web.ServletTestExecutionListener@3355c7fa, org.springframework.test.context.support.DirtiesContextBeforeModesTestExecutionListener@4769ec4f, org.springframework.test.context.event.ApplicationEventsTestExecutionListener@58067ebb, org.springframework.boot.test.mock.mockito.MockitoTestExecutionListener@7c2616ff, org.springframework.boot.test.autoconfigure.SpringBootDependencyInjectionTestExecutionListener@61517496, org.springframework.test.context.support.DirtiesContextTestExecutionListener@69d2f767, org.springframework.test.context.transaction.TransactionalTestExecutionListener@2caaf40, org.springframework.test.context.jdbc.SqlScriptsTestExecutionListener@4e97c008, org.springframework.test.context.event.EventPublishingTestExecutionListener@2408f888, org.springframework.boot.test.autoconfigure.restdocs.RestDocsTestExecutionListener@5a9f5aa1, org.springframework.boot.test.autoconfigure.web.client.MockRestServiceServerResetTestExecutionListener@df85e1d, org.springframework.boot.test.autoconfigure.web.servlet.MockMvcPrintOnlyOnFailureTestExecutionListener@7d9f482a, org.springframework.boot.test.autoconfigure.web.servlet.WebDriverTestExecutionListener@1e3023a9, org.springframework.boot.test.autoconfigure.webservices.client.MockWebServiceServerTestExecutionListener@3e5a289c, org.springframework.boot.test.mock.mockito.ResetMocksTestExecutionListener@719d81fc]

  .   ____          _            __ _ _
 /\\ / ___'_ __ _ _(_)_ __  __ _ \ \ \ \
( ( )\___ | '_ | '_| | '_ \/ _` | \ \ \ \
 \\/  ___)| |_)| | | | | || (_| |  ) ) ) )
  '  |____| .__|_| |_|_| |_\__, | / / / /
 =========|_|==============|___/=/_/_/_/
 :: Spring Boot ::                (v2.6.0)

2022-01-25 20:01:12.076  INFO 30154 --- [    Test worker] c.c.f.t.s.business.RequestServiceTest    : Starting RequestServiceTest using Java 16.0.2 on Inspirion with PID 30154 (started by cosiska in /home/cosiska/IdeaProjects/server)
2022-01-25 20:01:12.076  INFO 30154 --- [    Test worker] c.c.f.t.s.business.RequestServiceTest    : No active profile set, falling back to default profiles: default
2022-01-25 20:01:12.159  INFO 30154 --- [    Test worker] .s.d.r.c.RepositoryConfigurationDelegate : Bootstrapping Spring Data JPA repositories in DEFAULT mode.
2022-01-25 20:01:12.168  INFO 30154 --- [    Test worker] .s.d.r.c.RepositoryConfigurationDelegate : Finished Spring Data repository scanning in 8 ms. Found 6 JPA repository interfaces.
2022-01-25 20:01:12.285  INFO 30154 --- [    Test worker] o.hibernate.jpa.internal.util.LogHelper  : HHH000204: Processing PersistenceUnitInfo [name: default]
2022-01-25 20:01:12.288  INFO 30154 --- [    Test worker] com.zaxxer.hikari.HikariDataSource       : HikariPool-4 - Starting...
2022-01-25 20:01:12.289  INFO 30154 --- [    Test worker] com.zaxxer.hikari.pool.PoolBase          : HikariPool-4 - Driver does not support get/set network timeout for connections. (feature not supported)
2022-01-25 20:01:12.289  INFO 30154 --- [    Test worker] com.zaxxer.hikari.HikariDataSource       : HikariPool-4 - Start completed.
2022-01-25 20:01:12.289  INFO 30154 --- [    Test worker] org.hibernate.dialect.Dialect            : HHH000400: Using dialect: org.hibernate.dialect.HSQLDialect
2022-01-25 20:01:12.348  INFO 30154 --- [    Test worker] o.h.e.t.j.p.i.JtaPlatformInitiator       : HHH000490: Using JtaPlatform implementation: [org.hibernate.engine.transaction.jta.platform.internal.NoJtaPlatform]
2022-01-25 20:01:12.348  INFO 30154 --- [    Test worker] j.LocalContainerEntityManagerFactoryBean : Initialized JPA EntityManagerFactory for persistence unit 'default'
2022-01-25 20:01:12.450  WARN 30154 --- [    Test worker] JpaBaseConfiguration$JpaWebConfiguration : spring.jpa.open-in-view is enabled by default. Therefore, database queries may be performed during view rendering. Explicitly configure spring.jpa.open-in-view to disable this warning
2022-01-25 20:01:12.633  INFO 30154 --- [    Test worker] c.c.f.t.s.business.RequestServiceTest    : Started RequestServiceTest in 0.569 seconds (JVM running for 6.767)
]]></system-out>
  <system-err><![CDATA[]]></system-err>
</testsuite>
