<?xml version="1.0" encoding="UTF-8"?>
<testsuite name="cz.cvut.fit.tjv.sem_work.business.RequestStateServiceTest" tests="6" skipped="0" failures="0" errors="0" timestamp="2022-01-25T19:01:11" hostname="Inspirion" time="0.053">
  <properties/>
  <testcase name="create()" classname="cz.cvut.fit.tjv.sem_work.business.RequestStateServiceTest" time="0.017"/>
  <testcase name="exists()" classname="cz.cvut.fit.tjv.sem_work.business.RequestStateServiceTest" time="0.007"/>
  <testcase name="readById()" classname="cz.cvut.fit.tjv.sem_work.business.RequestStateServiceTest" time="0.005"/>
  <testcase name="update()" classname="cz.cvut.fit.tjv.sem_work.business.RequestStateServiceTest" time="0.007"/>
  <testcase name="readAll()" classname="cz.cvut.fit.tjv.sem_work.business.RequestStateServiceTest" time="0.005"/>
  <testcase name="deleteById()" classname="cz.cvut.fit.tjv.sem_work.business.RequestStateServiceTest" time="0.006"/>
  <system-out><![CDATA[2022-01-25 20:01:10.608  INFO 30154 --- [    Test worker] .b.t.c.SpringBootTestContextBootstrapper : Neither @ContextConfiguration nor @ContextHierarchy found for test class [cz.cvut.fit.tjv.sem_work.business.RequestStateServiceTest], using SpringBootContextLoader
2022-01-25 20:01:10.609  INFO 30154 --- [    Test worker] o.s.t.c.support.AbstractContextLoader    : Could not detect default resource locations for test class [cz.cvut.fit.tjv.sem_work.business.RequestStateServiceTest]: no resource found for suffixes {-context.xml, Context.groovy}.
2022-01-25 20:01:10.609  INFO 30154 --- [    Test worker] t.c.s.AnnotationConfigContextLoaderUtils : Could not detect default configuration classes for test class [cz.cvut.fit.tjv.sem_work.business.RequestStateServiceTest]: RequestStateServiceTest does not declare any static, non-private, non-final, nested classes annotated with @Configuration.
2022-01-25 20:01:10.610  INFO 30154 --- [    Test worker] .b.t.c.SpringBootTestContextBootstrapper : Found @SpringBootConfiguration cz.cvut.fit.tjv.sem_work.RestServer for test class cz.cvut.fit.tjv.sem_work.business.RequestStateServiceTest
2022-01-25 20:01:10.611  INFO 30154 --- [    Test worker] .b.t.c.SpringBootTestContextBootstrapper : Loaded default TestExecutionListener class names from location [META-INF/spring.factories]: [org.springframework.boot.test.autoconfigure.restdocs.RestDocsTestExecutionListener, org.springframework.boot.test.autoconfigure.web.client.MockRestServiceServerResetTestExecutionListener, org.springframework.boot.test.autoconfigure.web.servlet.MockMvcPrintOnlyOnFailureTestExecutionListener, org.springframework.boot.test.autoconfigure.web.servlet.WebDriverTestExecutionListener, org.springframework.boot.test.autoconfigure.webservices.client.MockWebServiceServerTestExecutionListener, org.springframework.boot.test.mock.mockito.MockitoTestExecutionListener, org.springframework.boot.test.mock.mockito.ResetMocksTestExecutionListener, org.springframework.test.context.web.ServletTestExecutionListener, org.springframework.test.context.support.DirtiesContextBeforeModesTestExecutionListener, org.springframework.test.context.event.ApplicationEventsTestExecutionListener, org.springframework.test.context.support.DependencyInjectionTestExecutionListener, org.springframework.test.context.support.DirtiesContextTestExecutionListener, org.springframework.test.context.transaction.TransactionalTestExecutionListener, org.springframework.test.context.jdbc.SqlScriptsTestExecutionListener, org.springframework.test.context.event.EventPublishingTestExecutionListener]
2022-01-25 20:01:10.612  INFO 30154 --- [    Test worker] .b.t.c.SpringBootTestContextBootstrapper : Using TestExecutionListeners: [org.springframework.test.context.web.ServletTestExecutionListener@56047371, org.springframework.test.context.support.DirtiesContextBeforeModesTestExecutionListener@611e9dc0, org.springframework.test.context.event.ApplicationEventsTestExecutionListener@a37d83e, org.springframework.boot.test.mock.mockito.MockitoTestExecutionListener@205ff1a9, org.springframework.boot.test.autoconfigure.SpringBootDependencyInjectionTestExecutionListener@55359128, org.springframework.test.context.support.DirtiesContextTestExecutionListener@4050e6d3, org.springframework.test.context.transaction.TransactionalTestExecutionListener@741230cf, org.springframework.test.context.jdbc.SqlScriptsTestExecutionListener@2b1f455d, org.springframework.test.context.event.EventPublishingTestExecutionListener@52da2dc7, org.springframework.boot.test.autoconfigure.restdocs.RestDocsTestExecutionListener@157b3f31, org.springframework.boot.test.autoconfigure.web.client.MockRestServiceServerResetTestExecutionListener@708af119, org.springframework.boot.test.autoconfigure.web.servlet.MockMvcPrintOnlyOnFailureTestExecutionListener@216e77f8, org.springframework.boot.test.autoconfigure.web.servlet.WebDriverTestExecutionListener@2259d207, org.springframework.boot.test.autoconfigure.webservices.client.MockWebServiceServerTestExecutionListener@6e97f3ca, org.springframework.boot.test.mock.mockito.ResetMocksTestExecutionListener@4932d538]

  .   ____          _            __ _ _
 /\\ / ___'_ __ _ _(_)_ __  __ _ \ \ \ \
( ( )\___ | '_ | '_| | '_ \/ _` | \ \ \ \
 \\/  ___)| |_)| | | | | || (_| |  ) ) ) )
  '  |____| .__|_| |_|_| |_\__, | / / / /
 =========|_|==============|___/=/_/_/_/
 :: Spring Boot ::                (v2.6.0)

2022-01-25 20:01:10.626  INFO 30154 --- [    Test worker] c.c.f.t.s.b.RequestStateServiceTest      : Starting RequestStateServiceTest using Java 16.0.2 on Inspirion with PID 30154 (started by cosiska in /home/cosiska/IdeaProjects/server)
2022-01-25 20:01:10.626  INFO 30154 --- [    Test worker] c.c.f.t.s.b.RequestStateServiceTest      : No active profile set, falling back to default profiles: default
2022-01-25 20:01:10.721  INFO 30154 --- [    Test worker] .s.d.r.c.RepositoryConfigurationDelegate : Bootstrapping Spring Data JPA repositories in DEFAULT mode.
2022-01-25 20:01:10.731  INFO 30154 --- [    Test worker] .s.d.r.c.RepositoryConfigurationDelegate : Finished Spring Data repository scanning in 9 ms. Found 6 JPA repository interfaces.
2022-01-25 20:01:10.835  INFO 30154 --- [    Test worker] o.hibernate.jpa.internal.util.LogHelper  : HHH000204: Processing PersistenceUnitInfo [name: default]
2022-01-25 20:01:10.838  INFO 30154 --- [    Test worker] com.zaxxer.hikari.HikariDataSource       : HikariPool-2 - Starting...
2022-01-25 20:01:10.838  INFO 30154 --- [    Test worker] com.zaxxer.hikari.pool.PoolBase          : HikariPool-2 - Driver does not support get/set network timeout for connections. (feature not supported)
2022-01-25 20:01:10.839  INFO 30154 --- [    Test worker] com.zaxxer.hikari.HikariDataSource       : HikariPool-2 - Start completed.
2022-01-25 20:01:10.839  INFO 30154 --- [    Test worker] org.hibernate.dialect.Dialect            : HHH000400: Using dialect: org.hibernate.dialect.HSQLDialect
2022-01-25 20:01:10.902  INFO 30154 --- [    Test worker] o.h.e.t.j.p.i.JtaPlatformInitiator       : HHH000490: Using JtaPlatform implementation: [org.hibernate.engine.transaction.jta.platform.internal.NoJtaPlatform]
2022-01-25 20:01:10.903  INFO 30154 --- [    Test worker] j.LocalContainerEntityManagerFactoryBean : Initialized JPA EntityManagerFactory for persistence unit 'default'
2022-01-25 20:01:11.067  WARN 30154 --- [    Test worker] JpaBaseConfiguration$JpaWebConfiguration : spring.jpa.open-in-view is enabled by default. Therefore, database queries may be performed during view rendering. Explicitly configure spring.jpa.open-in-view to disable this warning
2022-01-25 20:01:11.230  INFO 30154 --- [    Test worker] c.c.f.t.s.b.RequestStateServiceTest      : Started RequestStateServiceTest in 0.616 seconds (JVM running for 5.364)
]]></system-out>
  <system-err><![CDATA[]]></system-err>
</testsuite>
