<?xml version="1.0" encoding="UTF-8"?>
<testsuite name="cz.cvut.fit.tjv.sem_work.api.controller.ClerkTimeSlotControllerTest" tests="11" skipped="0" failures="0" errors="0" timestamp="2022-01-25T19:01:14" hostname="Inspirion" time="0.042">
  <properties/>
  <testcase name="create()" classname="cz.cvut.fit.tjv.sem_work.api.controller.ClerkTimeSlotControllerTest" time="0.003"/>
  <testcase name="readById()" classname="cz.cvut.fit.tjv.sem_work.api.controller.ClerkTimeSlotControllerTest" time="0.002"/>
  <testcase name="deleteClerkTimeSlotBelongsToClerkRelation()" classname="cz.cvut.fit.tjv.sem_work.api.controller.ClerkTimeSlotControllerTest" time="0.002"/>
  <testcase name="updateById()" classname="cz.cvut.fit.tjv.sem_work.api.controller.ClerkTimeSlotControllerTest" time="0.002"/>
  <testcase name="deleteClerkTimeSlotIsAssignedToRequestRelation()" classname="cz.cvut.fit.tjv.sem_work.api.controller.ClerkTimeSlotControllerTest" time="0.002"/>
  <testcase name="readRequestThatHasClerkTimeSlotAssigned()" classname="cz.cvut.fit.tjv.sem_work.api.controller.ClerkTimeSlotControllerTest" time="0.002"/>
  <testcase name="updateClerkTimeSlotBelongsToClerkRelation()" classname="cz.cvut.fit.tjv.sem_work.api.controller.ClerkTimeSlotControllerTest" time="0.002"/>
  <testcase name="readAll()" classname="cz.cvut.fit.tjv.sem_work.api.controller.ClerkTimeSlotControllerTest" time="0.006"/>
  <testcase name="updateClerkTimeSlotIsAssignedToRequestRelation()" classname="cz.cvut.fit.tjv.sem_work.api.controller.ClerkTimeSlotControllerTest" time="0.002"/>
  <testcase name="readClerkWhichHasClerkTimeSlot()" classname="cz.cvut.fit.tjv.sem_work.api.controller.ClerkTimeSlotControllerTest" time="0.002"/>
  <testcase name="deleteById()" classname="cz.cvut.fit.tjv.sem_work.api.controller.ClerkTimeSlotControllerTest" time="0.007"/>
  <system-out><![CDATA[2022-01-25 20:01:14.232  INFO 30154 --- [    Test worker] .b.t.a.w.s.WebMvcTestContextBootstrapper : Neither @ContextConfiguration nor @ContextHierarchy found for test class [cz.cvut.fit.tjv.sem_work.api.controller.ClerkTimeSlotControllerTest], using SpringBootContextLoader
2022-01-25 20:01:14.232  INFO 30154 --- [    Test worker] o.s.t.c.support.AbstractContextLoader    : Could not detect default resource locations for test class [cz.cvut.fit.tjv.sem_work.api.controller.ClerkTimeSlotControllerTest]: no resource found for suffixes {-context.xml, Context.groovy}.
2022-01-25 20:01:14.233  INFO 30154 --- [    Test worker] t.c.s.AnnotationConfigContextLoaderUtils : Could not detect default configuration classes for test class [cz.cvut.fit.tjv.sem_work.api.controller.ClerkTimeSlotControllerTest]: ClerkTimeSlotControllerTest does not declare any static, non-private, non-final, nested classes annotated with @Configuration.
2022-01-25 20:01:14.234  INFO 30154 --- [    Test worker] .b.t.c.SpringBootTestContextBootstrapper : Found @SpringBootConfiguration cz.cvut.fit.tjv.sem_work.RestServer for test class cz.cvut.fit.tjv.sem_work.api.controller.ClerkTimeSlotControllerTest
2022-01-25 20:01:14.235  INFO 30154 --- [    Test worker] .b.t.a.w.s.WebMvcTestContextBootstrapper : Loaded default TestExecutionListener class names from location [META-INF/spring.factories]: [org.springframework.boot.test.autoconfigure.restdocs.RestDocsTestExecutionListener, org.springframework.boot.test.autoconfigure.web.client.MockRestServiceServerResetTestExecutionListener, org.springframework.boot.test.autoconfigure.web.servlet.MockMvcPrintOnlyOnFailureTestExecutionListener, org.springframework.boot.test.autoconfigure.web.servlet.WebDriverTestExecutionListener, org.springframework.boot.test.autoconfigure.webservices.client.MockWebServiceServerTestExecutionListener, org.springframework.boot.test.mock.mockito.MockitoTestExecutionListener, org.springframework.boot.test.mock.mockito.ResetMocksTestExecutionListener, org.springframework.test.context.web.ServletTestExecutionListener, org.springframework.test.context.support.DirtiesContextBeforeModesTestExecutionListener, org.springframework.test.context.event.ApplicationEventsTestExecutionListener, org.springframework.test.context.support.DependencyInjectionTestExecutionListener, org.springframework.test.context.support.DirtiesContextTestExecutionListener, org.springframework.test.context.transaction.TransactionalTestExecutionListener, org.springframework.test.context.jdbc.SqlScriptsTestExecutionListener, org.springframework.test.context.event.EventPublishingTestExecutionListener]
2022-01-25 20:01:14.235  INFO 30154 --- [    Test worker] .b.t.a.w.s.WebMvcTestContextBootstrapper : Using TestExecutionListeners: [org.springframework.test.context.web.ServletTestExecutionListener@1f4900e, org.springframework.test.context.support.DirtiesContextBeforeModesTestExecutionListener@37b1c57, org.springframework.test.context.event.ApplicationEventsTestExecutionListener@54c07a58, org.springframework.boot.test.mock.mockito.MockitoTestExecutionListener@377fbcbf, org.springframework.boot.test.autoconfigure.SpringBootDependencyInjectionTestExecutionListener@122e3ebe, org.springframework.test.context.support.DirtiesContextTestExecutionListener@496c1108, org.springframework.test.context.transaction.TransactionalTestExecutionListener@1ea9b0c7, org.springframework.test.context.jdbc.SqlScriptsTestExecutionListener@54797de9, org.springframework.test.context.event.EventPublishingTestExecutionListener@37417216, org.springframework.boot.test.autoconfigure.restdocs.RestDocsTestExecutionListener@1e8cc1a7, org.springframework.boot.test.autoconfigure.web.client.MockRestServiceServerResetTestExecutionListener@4d706539, org.springframework.boot.test.autoconfigure.web.servlet.MockMvcPrintOnlyOnFailureTestExecutionListener@52f9df4b, org.springframework.boot.test.autoconfigure.web.servlet.WebDriverTestExecutionListener@6e14d6c0, org.springframework.boot.test.autoconfigure.webservices.client.MockWebServiceServerTestExecutionListener@16edb35c, org.springframework.boot.test.mock.mockito.ResetMocksTestExecutionListener@58fa5515]

  .   ____          _            __ _ _
 /\\ / ___'_ __ _ _(_)_ __  __ _ \ \ \ \
( ( )\___ | '_ | '_| | '_ \/ _` | \ \ \ \
 \\/  ___)| |_)| | | | | || (_| |  ) ) ) )
  '  |____| .__|_| |_|_| |_\__, | / / / /
 =========|_|==============|___/=/_/_/_/
 :: Spring Boot ::                (v2.6.0)

2022-01-25 20:01:14.246  INFO 30154 --- [    Test worker] .c.f.t.s.a.c.ClerkTimeSlotControllerTest : Starting ClerkTimeSlotControllerTest using Java 16.0.2 on Inspirion with PID 30154 (started by cosiska in /home/cosiska/IdeaProjects/server)
2022-01-25 20:01:14.246  INFO 30154 --- [    Test worker] .c.f.t.s.a.c.ClerkTimeSlotControllerTest : No active profile set, falling back to default profiles: default
2022-01-25 20:01:14.439  INFO 30154 --- [    Test worker] o.s.b.t.m.w.SpringBootMockServletContext : Initializing Spring TestDispatcherServlet ''
2022-01-25 20:01:14.440  INFO 30154 --- [    Test worker] o.s.t.web.servlet.TestDispatcherServlet  : Initializing Servlet ''
2022-01-25 20:01:14.440  INFO 30154 --- [    Test worker] o.s.t.web.servlet.TestDispatcherServlet  : Completed initialization in 0 ms
2022-01-25 20:01:14.446  INFO 30154 --- [    Test worker] .c.f.t.s.a.c.ClerkTimeSlotControllerTest : Started ClerkTimeSlotControllerTest in 0.209 seconds (JVM running for 8.58)
]]></system-out>
  <system-err><![CDATA[]]></system-err>
</testsuite>
