<?xml version="1.0" encoding="UTF-8"?>
<testsuite name="cz.cvut.fit.tjv.sem_work.business.ClerkServiceTest" tests="13" skipped="0" failures="0" errors="0" timestamp="2022-01-25T19:01:11" hostname="Inspirion" time="0.125">
  <properties/>
  <testcase name="readAllRequestsSolvableByClerk()" classname="cz.cvut.fit.tjv.sem_work.business.ClerkServiceTest" time="0.016"/>
  <testcase name="deleteClerkWorksInOrganizationRelation()" classname="cz.cvut.fit.tjv.sem_work.business.ClerkServiceTest" time="0.01"/>
  <testcase name="create()" classname="cz.cvut.fit.tjv.sem_work.business.ClerkServiceTest" time="0.016"/>
  <testcase name="exists()" classname="cz.cvut.fit.tjv.sem_work.business.ClerkServiceTest" time="0.006"/>
  <testcase name="updateClerkWorksInOrganizationRelation()" classname="cz.cvut.fit.tjv.sem_work.business.ClerkServiceTest" time="0.02"/>
  <testcase name="readById()" classname="cz.cvut.fit.tjv.sem_work.business.ClerkServiceTest" time="0.006"/>
  <testcase name="update()" classname="cz.cvut.fit.tjv.sem_work.business.ClerkServiceTest" time="0.006"/>
  <testcase name="readAllUnassignedTimeSlotsOfClerk()" classname="cz.cvut.fit.tjv.sem_work.business.ClerkServiceTest" time="0.005"/>
  <testcase name="readAll()" classname="cz.cvut.fit.tjv.sem_work.business.ClerkServiceTest" time="0.005"/>
  <testcase name="updateClerkCanSolveRequestRelation()" classname="cz.cvut.fit.tjv.sem_work.business.ClerkServiceTest" time="0.007"/>
  <testcase name="readOrganizationWhereClerkWorks()" classname="cz.cvut.fit.tjv.sem_work.business.ClerkServiceTest" time="0.005"/>
  <testcase name="deleteClerkCanSolveRequestRelation()" classname="cz.cvut.fit.tjv.sem_work.business.ClerkServiceTest" time="0.006"/>
  <testcase name="deleteById()" classname="cz.cvut.fit.tjv.sem_work.business.ClerkServiceTest" time="0.005"/>
  <system-out><![CDATA[2022-01-25 20:01:11.288  INFO 30154 --- [    Test worker] .b.t.c.SpringBootTestContextBootstrapper : Neither @ContextConfiguration nor @ContextHierarchy found for test class [cz.cvut.fit.tjv.sem_work.business.ClerkServiceTest], using SpringBootContextLoader
2022-01-25 20:01:11.288  INFO 30154 --- [    Test worker] o.s.t.c.support.AbstractContextLoader    : Could not detect default resource locations for test class [cz.cvut.fit.tjv.sem_work.business.ClerkServiceTest]: no resource found for suffixes {-context.xml, Context.groovy}.
2022-01-25 20:01:11.288  INFO 30154 --- [    Test worker] t.c.s.AnnotationConfigContextLoaderUtils : Could not detect default configuration classes for test class [cz.cvut.fit.tjv.sem_work.business.ClerkServiceTest]: ClerkServiceTest does not declare any static, non-private, non-final, nested classes annotated with @Configuration.
2022-01-25 20:01:11.290  INFO 30154 --- [    Test worker] .b.t.c.SpringBootTestContextBootstrapper : Found @SpringBootConfiguration cz.cvut.fit.tjv.sem_work.RestServer for test class cz.cvut.fit.tjv.sem_work.business.ClerkServiceTest
2022-01-25 20:01:11.291  INFO 30154 --- [    Test worker] .b.t.c.SpringBootTestContextBootstrapper : Loaded default TestExecutionListener class names from location [META-INF/spring.factories]: [org.springframework.boot.test.autoconfigure.restdocs.RestDocsTestExecutionListener, org.springframework.boot.test.autoconfigure.web.client.MockRestServiceServerResetTestExecutionListener, org.springframework.boot.test.autoconfigure.web.servlet.MockMvcPrintOnlyOnFailureTestExecutionListener, org.springframework.boot.test.autoconfigure.web.servlet.WebDriverTestExecutionListener, org.springframework.boot.test.autoconfigure.webservices.client.MockWebServiceServerTestExecutionListener, org.springframework.boot.test.mock.mockito.MockitoTestExecutionListener, org.springframework.boot.test.mock.mockito.ResetMocksTestExecutionListener, org.springframework.test.context.web.ServletTestExecutionListener, org.springframework.test.context.support.DirtiesContextBeforeModesTestExecutionListener, org.springframework.test.context.event.ApplicationEventsTestExecutionListener, org.springframework.test.context.support.DependencyInjectionTestExecutionListener, org.springframework.test.context.support.DirtiesContextTestExecutionListener, org.springframework.test.context.transaction.TransactionalTestExecutionListener, org.springframework.test.context.jdbc.SqlScriptsTestExecutionListener, org.springframework.test.context.event.EventPublishingTestExecutionListener]
2022-01-25 20:01:11.292  INFO 30154 --- [    Test worker] .b.t.c.SpringBootTestContextBootstrapper : Using TestExecutionListeners: [org.springframework.test.context.web.ServletTestExecutionListener@67578a88, org.springframework.test.context.support.DirtiesContextBeforeModesTestExecutionListener@3ce4b346, org.springframework.test.context.event.ApplicationEventsTestExecutionListener@598396e2, org.springframework.boot.test.mock.mockito.MockitoTestExecutionListener@1ecd9c1b, org.springframework.boot.test.autoconfigure.SpringBootDependencyInjectionTestExecutionListener@45154680, org.springframework.test.context.support.DirtiesContextTestExecutionListener@5cf2b3e7, org.springframework.test.context.transaction.TransactionalTestExecutionListener@19831a1d, org.springframework.test.context.jdbc.SqlScriptsTestExecutionListener@6b5c6072, org.springframework.test.context.event.EventPublishingTestExecutionListener@4920adf, org.springframework.boot.test.autoconfigure.restdocs.RestDocsTestExecutionListener@4db6fc21, org.springframework.boot.test.autoconfigure.web.client.MockRestServiceServerResetTestExecutionListener@4c644478, org.springframework.boot.test.autoconfigure.web.servlet.MockMvcPrintOnlyOnFailureTestExecutionListener@44b3e276, org.springframework.boot.test.autoconfigure.web.servlet.WebDriverTestExecutionListener@5063cccd, org.springframework.boot.test.autoconfigure.webservices.client.MockWebServiceServerTestExecutionListener@2a4e7514, org.springframework.boot.test.mock.mockito.ResetMocksTestExecutionListener@4467a3a1]

  .   ____          _            __ _ _
 /\\ / ___'_ __ _ _(_)_ __  __ _ \ \ \ \
( ( )\___ | '_ | '_| | '_ \/ _` | \ \ \ \
 \\/  ___)| |_)| | | | | || (_| |  ) ) ) )
  '  |____| .__|_| |_|_| |_\__, | / / / /
 =========|_|==============|___/=/_/_/_/
 :: Spring Boot ::                (v2.6.0)

2022-01-25 20:01:11.304  INFO 30154 --- [    Test worker] c.c.f.t.s.business.ClerkServiceTest      : Starting ClerkServiceTest using Java 16.0.2 on Inspirion with PID 30154 (started by cosiska in /home/cosiska/IdeaProjects/server)
2022-01-25 20:01:11.305  INFO 30154 --- [    Test worker] c.c.f.t.s.business.ClerkServiceTest      : No active profile set, falling back to default profiles: default
2022-01-25 20:01:11.385  INFO 30154 --- [    Test worker] .s.d.r.c.RepositoryConfigurationDelegate : Bootstrapping Spring Data JPA repositories in DEFAULT mode.
2022-01-25 20:01:11.395  INFO 30154 --- [    Test worker] .s.d.r.c.RepositoryConfigurationDelegate : Finished Spring Data repository scanning in 9 ms. Found 6 JPA repository interfaces.
2022-01-25 20:01:11.550  INFO 30154 --- [    Test worker] o.hibernate.jpa.internal.util.LogHelper  : HHH000204: Processing PersistenceUnitInfo [name: default]
2022-01-25 20:01:11.552  INFO 30154 --- [    Test worker] com.zaxxer.hikari.HikariDataSource       : HikariPool-3 - Starting...
2022-01-25 20:01:11.553  INFO 30154 --- [    Test worker] com.zaxxer.hikari.pool.PoolBase          : HikariPool-3 - Driver does not support get/set network timeout for connections. (feature not supported)
2022-01-25 20:01:11.553  INFO 30154 --- [    Test worker] com.zaxxer.hikari.HikariDataSource       : HikariPool-3 - Start completed.
2022-01-25 20:01:11.553  INFO 30154 --- [    Test worker] org.hibernate.dialect.Dialect            : HHH000400: Using dialect: org.hibernate.dialect.HSQLDialect
2022-01-25 20:01:11.605  INFO 30154 --- [    Test worker] o.h.e.t.j.p.i.JtaPlatformInitiator       : HHH000490: Using JtaPlatform implementation: [org.hibernate.engine.transaction.jta.platform.internal.NoJtaPlatform]
2022-01-25 20:01:11.605  INFO 30154 --- [    Test worker] j.LocalContainerEntityManagerFactoryBean : Initialized JPA EntityManagerFactory for persistence unit 'default'
2022-01-25 20:01:11.731  WARN 30154 --- [    Test worker] JpaBaseConfiguration$JpaWebConfiguration : spring.jpa.open-in-view is enabled by default. Therefore, database queries may be performed during view rendering. Explicitly configure spring.jpa.open-in-view to disable this warning
2022-01-25 20:01:11.929  INFO 30154 --- [    Test worker] c.c.f.t.s.business.ClerkServiceTest      : Started ClerkServiceTest in 0.634 seconds (JVM running for 6.062)
]]></system-out>
  <system-err><![CDATA[]]></system-err>
</testsuite>
